Sat Dec 17 2022 18:33:42 GMT+0200 (Israel Standard Time) | http | /users/f3d7feb9-686b-4fdf-8b3d-b3e32fa10a76111 
Sat Dec 17 2022 18:34:07 GMT+0200 (Israel Standard Time) | http | /users/f3d7feb9-686b-4fdf-8b3d-b3e32fa10a76111 
Sat Dec 17 2022 18:34:09 GMT+0200 (Israel Standard Time) | http | /users/f3d7feb9-686b-4fdf-8b3d-b3e32fa10a76111 
Sat Dec 17 2022 21:45:50 GMT+0200 (Israel Standard Time) | http | /users/create 
Sat Dec 17 2022 21:46:28 GMT+0200 (Israel Standard Time) | http | /tasks/create 
Sat Dec 17 2022 21:52:34 GMT+0200 (Israel Standard Time) | http | /users/f3d7feb9-686b-4fdf-8b3d-b3e32fa10a76111 
Sat Dec 17 2022 21:58:23 GMT+0200 (Israel Standard Time) | http | /userssdfg/createasdf 
Sat Dec 17 2022 22:00:49 GMT+0200 (Israel Standard Time) | http | /userssdfg/createasdf 
Sat Dec 17 2022 22:00:55 GMT+0200 (Israel Standard Time) | http | /tasks/create 
Sat Dec 17 2022 22:00:56 GMT+0200 (Israel Standard Time) | http | /tasks/create 
Sat Dec 17 2022 22:00:56 GMT+0200 (Israel Standard Time) | http | /tasks/create 
Sat Dec 17 2022 22:00:57 GMT+0200 (Israel Standard Time) | http | /tasks/create 
Sat Dec 17 2022 22:00:57 GMT+0200 (Israel Standard Time) | http | /tasks/create 
Sat Dec 17 2022 22:01:16 GMT+0200 (Israel Standard Time) | http | /tasks 
Sat Dec 17 2022 22:02:48 GMT+0200 (Israel Standard Time) | http | /users/create 
Sat Dec 17 2022 22:03:17 GMT+0200 (Israel Standard Time) | http | /users/delete 
Sat Dec 17 2022 22:03:34 GMT+0200 (Israel Standard Time) | http | /userssdfg/createasdf 
Sat Dec 17 2022 22:04:22 GMT+0200 (Israel Standard Time) | http | /tasks/b6e40a7e-be06-4380-9cc8-bb4017d08ba3 
Sat Dec 17 2022 22:04:30 GMT+0200 (Israel Standard Time) | http | /apple-touch-icon-precomposed.png 
Sat Dec 17 2022 22:04:30 GMT+0200 (Israel Standard Time) | http | /apple-touch-icon.png 
Sat Dec 17 2022 22:04:30 GMT+0200 (Israel Standard Time) | http | /favicon.ico 
Sat Dec 17 2022 22:05:16 GMT+0200 (Israel Standard Time) | http | /tasks/b6e40a7e-be06-4380-9cc8-bb4017d08ba31 
Sat Dec 17 2022 22:06:31 GMT+0200 (Israel Standard Time) | http | /tasks/ 
Sat Dec 17 2022 22:07:08 GMT+0200 (Israel Standard Time) | http | /tasks/ 
Sat Dec 17 2022 22:08:26 GMT+0200 (Israel Standard Time) | http | /tasks/delete 
Sat Dec 17 2022 22:09:09 GMT+0200 (Israel Standard Time) | http | /tasks/delete 
Sat Dec 17 2022 22:10:43 GMT+0200 (Israel Standard Time) | http | /apple-touch-icon.png 
Sat Dec 17 2022 22:10:43 GMT+0200 (Israel Standard Time) | http | /favicon.ico 
Sat Dec 17 2022 22:10:43 GMT+0200 (Israel Standard Time) | http | /apple-touch-icon-precomposed.png 
Sat Dec 17 2022 22:11:15 GMT+0200 (Israel Standard Time) | http | /users/525f17a2-540d-4138-9697-47b5b025bf4a 
Fri Dec 23 2022 08:28:19 GMT+0200 (Israel Standard Time) | http | / 
Fri Dec 23 2022 08:28:27 GMT+0200 (Israel Standard Time) | http | / 
Fri Dec 23 2022 08:28:28 GMT+0200 (Israel Standard Time) | http | / 
Fri Dec 23 2022 08:29:50 GMT+0200 (Israel Standard Time) | http | / 
Fri Dec 23 2022 08:29:51 GMT+0200 (Israel Standard Time) | http | / 
Fri Dec 23 2022 08:30:01 GMT+0200 (Israel Standard Time) | http | /2345 
Fri Dec 23 2022 08:30:07 GMT+0200 (Israel Standard Time) | http | /users/23532 
Fri Dec 23 2022 08:30:08 GMT+0200 (Israel Standard Time) | http | /favicon.ico 
Fri Dec 23 2022 08:30:15 GMT+0200 (Israel Standard Time) | http | /sdgf/23532 
Fri Dec 23 2022 08:31:34 GMT+0200 (Israel Standard Time) | http | /sdgf/23532 
Fri Dec 23 2022 08:31:58 GMT+0200 (Israel Standard Time) | http | /sdgf/23532 
Fri Dec 23 2022 08:32:43 GMT+0200 (Israel Standard Time) | http | /sdgf/23532 
Fri Dec 23 2022 08:32:45 GMT+0200 (Israel Standard Time) | http | /sdgf/23532 
Fri Dec 23 2022 08:32:49 GMT+0200 (Israel Standard Time) | http | /sdgf/23532 
Fri Dec 23 2022 08:32:57 GMT+0200 (Israel Standard Time) | http | /users 
Fri Dec 23 2022 08:32:57 GMT+0200 (Israel Standard Time) | http | /favicon.ico 
Fri Dec 23 2022 08:33:39 GMT+0200 (Israel Standard Time) | http | /sdg 
Fri Dec 23 2022 08:33:46 GMT+0200 (Israel Standard Time) | http | /sdg 
Fri Dec 23 2022 08:33:46 GMT+0200 (Israel Standard Time) | http | /favicon.ico 
Fri Dec 23 2022 08:41:53 GMT+0200 (Israel Standard Time) | http | /users/create 
Fri Dec 23 2022 08:42:08 GMT+0200 (Israel Standard Time) | http | /users/create 
Fri Dec 23 2022 08:42:14 GMT+0200 (Israel Standard Time) | http | /users/create 
Fri Dec 23 2022 08:42:18 GMT+0200 (Israel Standard Time) | http | /users/525f17a2-540d-4138-9697-47b5b025bf4a 
Fri Dec 23 2022 08:42:21 GMT+0200 (Israel Standard Time) | http | /users/f3d7feb9-686b-4fdf-8b3d-b3e32fa10a76111 
Fri Dec 23 2022 08:42:25 GMT+0200 (Israel Standard Time) | http | /users/ 
Fri Dec 23 2022 08:42:31 GMT+0200 (Israel Standard Time) | http | /users/ 
Fri Dec 23 2022 08:42:35 GMT+0200 (Israel Standard Time) | http | /users/ 
Fri Dec 23 2022 08:42:40 GMT+0200 (Israel Standard Time) | http | /users/delete 
Fri Dec 23 2022 08:42:58 GMT+0200 (Israel Standard Time) | http | /users/delete 
Fri Dec 23 2022 09:01:13 GMT+0200 (Israel Standard Time) | http | /tasks/create 
Fri Dec 23 2022 09:01:43 GMT+0200 (Israel Standard Time) | http | /tasks/b6e40a7e-be06-4380-9cc8-bb4017d08ba3 
Fri Dec 23 2022 09:01:48 GMT+0200 (Israel Standard Time) | http | /tasks 
Fri Dec 23 2022 09:03:29 GMT+0200 (Israel Standard Time) | http | /tasks/ 
Fri Dec 23 2022 09:04:00 GMT+0200 (Israel Standard Time) | http | /tasks/ 
Fri Dec 23 2022 09:04:11 GMT+0200 (Israel Standard Time) | http | /tasks/ 
Fri Dec 23 2022 09:04:23 GMT+0200 (Israel Standard Time) | http | /tasks/delete 
Fri Dec 23 2022 22:41:09 GMT+0700 (Indochina Time) | http | /sdg 
